<?xml version="1.0" encoding="UTF-8"?>
<!-- Generated by org.testng.reporters.JUnitReportReporter -->
<testsuite skipped="0" hostname="CL-NB-314" name="com.seleniumTest.exampleSelenium.Test01" tests="1" failures="0" timestamp="06 oct 2018 13:31:19 GMT" time="23.847" errors="0">
  <testcase name="exampleTest" time="23.847" classname="com.seleniumTest.exampleSelenium.Test01"/>
</testsuite> <!-- com.seleniumTest.exampleSelenium.Test01 -->
