<?xml version="1.0" encoding="UTF-8"?>
<!-- Generated by org.testng.reporters.JUnitReportReporter -->
<testsuite skipped="0" hostname="CL-NB-314" name="com.selenium.test.Test03" tests="1" failures="0" timestamp="06 oct 2018 15:15:05 GMT" time="16.951" errors="0">
  <testcase name="example03" time="16.951" classname="com.selenium.test.Test03"/>
</testsuite> <!-- com.selenium.test.Test03 -->
